c:\users\david\desktop\work for yura\yura program c++ dll\scanutils\scanutils\release\scanutils.pch
c:\users\david\desktop\work for yura\yura program c++ dll\scanutils\scanutils\release\vc141.pdb
c:\users\david\desktop\work for yura\yura program c++ dll\scanutils\scanutils\release\stdafx.obj
c:\users\david\desktop\work for yura\yura program c++ dll\scanutils\scanutils\release\scanutils.obj
c:\users\david\desktop\work for yura\yura program c++ dll\scanutils\scanutils\release\dllmain.obj
c:\users\david\dropbox\work\new yura program\scanutils\scanutils\release\scanutils.pch
c:\users\david\dropbox\work\new yura program\scanutils\scanutils\release\vc141.pdb
c:\users\david\dropbox\work\new yura program\scanutils\scanutils\release\stdafx.obj
c:\users\david\dropbox\work\new yura program\scanutils\scanutils\release\scanutils.obj
c:\users\david\dropbox\work\new yura program\scanutils\scanutils\release\dllmain.obj
c:\users\david\desktop\work for yura\yura program c++ dll\scanutils\release\scanutils.dll
c:\users\david\desktop\work for yura\yura program c++ dll\scanutils\release\scanutils.pdb
c:\users\david\dropbox\work\new yura program\scanutils\release\scanutils.dll
c:\users\david\dropbox\work\new yura program\scanutils\release\scanutils.pdb
c:\users\david\desktop\work for yura\yura program c++ dll\scanutils\release\scanutils.lib
c:\users\david\desktop\work for yura\yura program c++ dll\scanutils\release\scanutils.exp
c:\users\david\desktop\work for yura\yura program c++ dll\scanutils\release\scanutils.ipdb
c:\users\david\desktop\work for yura\yura program c++ dll\scanutils\release\scanutils.iobj
c:\users\david\dropbox\work\new yura program\scanutils\release\scanutils.lib
c:\users\david\dropbox\work\new yura program\scanutils\release\scanutils.exp
c:\users\david\dropbox\work\new yura program\scanutils\release\scanutils.ipdb
c:\users\david\dropbox\work\new yura program\scanutils\release\scanutils.iobj
c:\users\david\dropbox\work\new yura program\scanutils\scanutils\release\scanutils.tlog\cl.command.1.tlog
c:\users\david\dropbox\work\new yura program\scanutils\scanutils\release\scanutils.tlog\cl.read.1.tlog
c:\users\david\dropbox\work\new yura program\scanutils\scanutils\release\scanutils.tlog\cl.write.1.tlog
c:\users\david\dropbox\work\new yura program\scanutils\scanutils\release\scanutils.tlog\link.command.1.tlog
c:\users\david\dropbox\work\new yura program\scanutils\scanutils\release\scanutils.tlog\link.read.1.tlog
c:\users\david\dropbox\work\new yura program\scanutils\scanutils\release\scanutils.tlog\link.write.1.tlog
c:\users\david\dropbox\work\new yura program\scanutils\scanutils\release\scanutils.tlog\scanutils.write.1u.tlog
